<?xml version="1.0" encoding="UTF-8"?>
<!-- Generated by org.testng.reporters.JUnitXMLReporter -->
<testsuite ignored="1" hostname="Babu" failures="0" tests="3" name="Default test" time="14.01" errors="0" timestamp="2022-05-24T08:58:09 IST">
  <testcase classname="com.test.maven.DemoSiteRegister" name="validateURLandTitle" time="0.031"/>
  <testcase classname="com.test.maven.DemoSiteRegister" name="validateRegisterLabelsAndOthers" time="0.442"/>
  <testcase classname="com.test.maven.DemoSiteRegister" name="resetRegistration" time="2.209"/>
  <testcase classname="com.test.maven.DemoSiteRegister" name="createNewUser" time="0.0">
    <ignored/>
  </testcase> <!-- createNewUser -->
</testsuite> <!-- Default test -->
