<?xml version="1.0" encoding="UTF-8"?>
<testng-results ignored="1" total="4" passed="3" failed="0" skipped="0">
  <reporter-output>
  </reporter-output>
  <suite started-at="2022-05-24T08:57:55 IST" name="Default suite" finished-at="2022-05-24T08:58:09 IST" duration-ms="14010">
    <groups>
    </groups>
    <test started-at="2022-05-24T08:57:55 IST" name="Default test" finished-at="2022-05-24T08:58:09 IST" duration-ms="14010">
      <class name="com.test.maven.DemoSiteRegister">
        <test-method is-config="true" signature="before()[pri:0, instance:com.test.maven.DemoSiteRegister@306e95ec]" started-at="2022-05-24T08:57:55 IST" name="before" finished-at="2022-05-24T08:58:06 IST" duration-ms="10808" status="PASS">
          <reporter-output>
          </reporter-output>
        </test-method> <!-- before -->
        <test-method is-config="true" signature="beforeMeth()[pri:0, instance:com.test.maven.DemoSiteRegister@306e95ec]" started-at="2022-05-24T08:58:06 IST" name="beforeMeth" finished-at="2022-05-24T08:58:06 IST" duration-ms="2" status="PASS">
          <reporter-output>
          </reporter-output>
        </test-method> <!-- beforeMeth -->
        <test-method signature="validateURLandTitle()[pri:1, instance:com.test.maven.DemoSiteRegister@306e95ec]" started-at="2022-05-24T08:58:06 IST" name="validateURLandTitle" finished-at="2022-05-24T08:58:06 IST" duration-ms="31" status="PASS">
          <reporter-output>
          </reporter-output>
        </test-method> <!-- validateURLandTitle -->
        <test-method is-config="true" signature="afterMeth()[pri:0, instance:com.test.maven.DemoSiteRegister@306e95ec]" started-at="2022-05-24T08:58:06 IST" name="afterMeth" finished-at="2022-05-24T08:58:06 IST" duration-ms="3" status="PASS">
          <reporter-output>
          </reporter-output>
        </test-method> <!-- afterMeth -->
        <test-method is-config="true" signature="beforeMeth()[pri:0, instance:com.test.maven.DemoSiteRegister@306e95ec]" started-at="2022-05-24T08:58:06 IST" name="beforeMeth" finished-at="2022-05-24T08:58:06 IST" duration-ms="0" status="PASS">
          <reporter-output>
          </reporter-output>
        </test-method> <!-- beforeMeth -->
        <test-method signature="validateRegisterLabelsAndOthers()[pri:2, instance:com.test.maven.DemoSiteRegister@306e95ec]" started-at="2022-05-24T08:58:06 IST" name="validateRegisterLabelsAndOthers" finished-at="2022-05-24T08:58:06 IST" duration-ms="442" status="PASS">
          <reporter-output>
          </reporter-output>
        </test-method> <!-- validateRegisterLabelsAndOthers -->
        <test-method is-config="true" signature="afterMeth()[pri:0, instance:com.test.maven.DemoSiteRegister@306e95ec]" started-at="2022-05-24T08:58:06 IST" name="afterMeth" finished-at="2022-05-24T08:58:06 IST" duration-ms="1" status="PASS">
          <reporter-output>
          </reporter-output>
        </test-method> <!-- afterMeth -->
        <test-method is-config="true" signature="beforeMeth()[pri:0, instance:com.test.maven.DemoSiteRegister@306e95ec]" started-at="2022-05-24T08:58:06 IST" name="beforeMeth" finished-at="2022-05-24T08:58:06 IST" duration-ms="1" status="PASS">
          <reporter-output>
          </reporter-output>
        </test-method> <!-- beforeMeth -->
        <test-method signature="resetRegistration()[pri:3, instance:com.test.maven.DemoSiteRegister@306e95ec]" started-at="2022-05-24T08:58:06 IST" name="resetRegistration" finished-at="2022-05-24T08:58:09 IST" duration-ms="2209" status="PASS">
          <reporter-output>
          </reporter-output>
        </test-method> <!-- resetRegistration -->
        <test-method is-config="true" signature="afterMeth()[pri:0, instance:com.test.maven.DemoSiteRegister@306e95ec]" started-at="2022-05-24T08:58:09 IST" name="afterMeth" finished-at="2022-05-24T08:58:09 IST" duration-ms="1" status="PASS">
          <reporter-output>
          </reporter-output>
        </test-method> <!-- afterMeth -->
        <test-method is-config="true" signature="after()[pri:0, instance:com.test.maven.DemoSiteRegister@306e95ec]" started-at="2022-05-24T08:58:09 IST" name="after" finished-at="2022-05-24T08:58:09 IST" duration-ms="427" status="PASS">
          <reporter-output>
          </reporter-output>
        </test-method> <!-- after -->
      </class> <!-- com.test.maven.DemoSiteRegister -->
    </test> <!-- Default test -->
  </suite> <!-- Default suite -->
</testng-results>
